[36mvite v6.4.1 [32mbuilding for production...[36m[39m
transforming...
[32mтЬУ[39m 27 modules transformed.
node.exe : [31mтЬЧ[39m Build failed in 580ms
C:\nvm4w\nodejs\npx.ps1:29 знак:3
+   & $NODE_EXE $NPX_CLI_JS $args
+   ~~~~~~~~~~~~~~~~~~~~~~~~~~~~~
    + CategoryInfo          : NotSpecified: ([31mтЬЧ[39m Build failed in 580ms:String) [], RemoteException
    + FullyQualifiedErrorId : NativeCommandError
 
[31merror during build:
[31m[vite:css] [sass] Undefined variable.
   тХ╖
24 тФВ     font-family: $font-family;
   тФВ                  ^^^^^^^^^^^^
   тХ╡
  src\app\styles\global.scss 24:15  root stylesheet[31m
file: [36mC:/Users/sdlmd/WebstormProjects/users/src/app/styles/global.scss[31m
[33m
[sass] Undefined variable.
   тХ╖
24 тФВ     font-family: $font-family;
   тФВ                  ^^^^^^^^^^^^
   тХ╡
  src\app\styles\global.scss 24:15  root stylesheet
[31m
Error: Undefined variable.
   тХ╖
24 тФВ     font-family: $font-family;
   тФВ                  ^^^^^^^^^^^^
   тХ╡
  src\app\styles\global.scss 24:15  root stylesheet
    at Object.wrapException (C:\Users\sdlmd\WebstormProjects\users\node_modules\sass\sass.dart.js:2337:47)
    at C:\Users\sdlmd\WebstormProjects\users\node_modules\sass\sass.dart.js:91300:23
    at _wrapJsFunctionForAsync_closure.$protected (C:\Users\sdlmd\WebstormProjects\users\node_modules\sass\sass.dart.js
:5005:15)
    at _wrapJsFunctionForAsync_closure.call$2 (C:\Users\sdlmd\WebstormProjects\users\node_modules\sass\sass.dart.js:386
86:12)
    at Object._asyncStartSync (C:\Users\sdlmd\WebstormProjects\users\node_modules\sass\sass.dart.js:4969:20)
    at _EvaluateVisitor2.visitVariableExpression$body$_EvaluateVisitor0 (C:\Users\sdlmd\WebstormProjects\users\node_mod
ules\sass\sass.dart.js:91306:16)
    at _EvaluateVisitor2.visitVariableExpression$1 (C:\Users\sdlmd\WebstormProjects\users\node_modules\sass\sass.dart.j
s:91280:19)
    at VariableExpression0.accept$1$1 (C:\Users\sdlmd\WebstormProjects\users\node_modules\sass\sass.dart.js:129386:22)
    at VariableExpression0.accept$1 (C:\Users\sdlmd\WebstormProjects\users\node_modules\sass\sass.dart.js:129389:19)
    at C:\Users\sdlmd\WebstormProjects\users\node_modules\sass\sass.dart.js:89315:41
    at _wrapJsFunctionForAsync_closure.$protected (C:\Users\sdlmd\WebstormProjects\users\node_modules\sass\sass.dart.js
:5005:15)
    at _wrapJsFunctionForAsync_closure.call$2 (C:\Users\sdlmd\WebstormProjects\users\node_modules\sass\sass.dart.js:386
86:12)
    at _awaitOnObject_closure.call$1 (C:\Users\sdlmd\WebstormProjects\users\node_modules\sass\sass.dart.js:38674:32)
    at Object._rootRunUnary (C:\Users\sdlmd\WebstormProjects\users\node_modules\sass\sass.dart.js:5429:18)
    at StaticClosure.<anonymous> (C:\Users\sdlmd\WebstormProjects\users\node_modules\sass\sass.dart.js:129707:16)
    at _CustomZone.runUnary$2$2 (C:\Users\sdlmd\WebstormProjects\users\node_modules\sass\sass.dart.js:40115:39)
    at _Future__propagateToListeners_handleValueCallback.call$0 (C:\Users\sdlmd\WebstormProjects\users\node_modules\sas
s\sass.dart.js:39175:51)
    at Object._Future__propagateToListeners (C:\Users\sdlmd\WebstormProjects\users\node_modules\sass\sass.dart.js:5215:
93)
    at _Future._completeWithValue$1 (C:\Users\sdlmd\WebstormProjects\users\node_modules\sass\sass.dart.js:39038:9)
    at _AsyncAwaitCompleter.complete$1 (C:\Users\sdlmd\WebstormProjects\users\node_modules\sass\sass.dart.js:38661:14)
    at Object._asyncReturn (C:\Users\sdlmd\WebstormProjects\users\node_modules\sass\sass.dart.js:4977:17)
    at C:\Users\sdlmd\WebstormProjects\users\node_modules\sass\sass.dart.js:93845:24
    at _wrapJsFunctionForAsync_closure.$protected (C:\Users\sdlmd\WebstormProjects\users\node_modules\sass\sass.dart.js
:5005:15)
    at _wrapJsFunctionForAsync_closure.call$2 (C:\Users\sdlmd\WebstormProjects\users\node_modules\sass\sass.dart.js:386
86:12)
    at _awaitOnObject_closure.call$1 (C:\Users\sdlmd\WebstormProjects\users\node_modules\sass\sass.dart.js:38674:32)
    at Object._rootRunUnary (C:\Users\sdlmd\WebstormProjects\users\node_modules\sass\sass.dart.js:5429:18)
    at StaticClosure.<anonymous> (C:\Users\sdlmd\WebstormProjects\users\node_modules\sass\sass.dart.js:129707:16)
    at _CustomZone.runUnary$2$2 (C:\Users\sdlmd\WebstormProjects\users\node_modules\sass\sass.dart.js:40115:39)
    at _Future__propagateToListeners_handleValueCallback.call$0 (C:\Users\sdlmd\WebstormProjects\users\node_modules\sas
s\sass.dart.js:39175:51)
    at Object._Future__propagateToListeners (C:\Users\sdlmd\WebstormProjects\users\node_modules\sass\sass.dart.js:5215:
93)
    at _Future._completeWithValue$1 (C:\Users\sdlmd\WebstormProjects\users\node_modules\sass\sass.dart.js:39038:9)
    at _AsyncAwaitCompleter.complete$1 (C:\Users\sdlmd\WebstormProjects\users\node_modules\sass\sass.dart.js:38661:14)
    at Object._asyncReturn (C:\Users\sdlmd\WebstormProjects\users\node_modules\sass\sass.dart.js:4977:17)
    at C:\Users\sdlmd\WebstormProjects\users\node_modules\sass\sass.dart.js:93877:24
    at _wrapJsFunctionForAsync_closure.$protected (C:\Users\sdlmd\WebstormProjects\users\node_modules\sass\sass.dart.js
:5005:15)
    at _wrapJsFunctionForAsync_closure.call$2 (C:\Users\sdlmd\WebstormProjects\users\node_modules\sass\sass.dart.js:386
86:12)
    at _awaitOnObject_closure.call$1 (C:\Users\sdlmd\WebstormProjects\users\node_modules\sass\sass.dart.js:38674:32)
    at Object._rootRunUnary (C:\Users\sdlmd\WebstormProjects\users\node_modules\sass\sass.dart.js:5429:18)
    at StaticClosure.<anonymous> (C:\Users\sdlmd\WebstormProjects\users\node_modules\sass\sass.dart.js:129707:16)
    at _CustomZone.runUnary$2$2 (C:\Users\sdlmd\WebstormProjects\users\node_modules\sass\sass.dart.js:40115:39)
    at _Future__propagateToListeners_handleValueCallback.call$0 (C:\Users\sdlmd\WebstormProjects\users\node_modules\sas
s\sass.dart.js:39175:51)
    at Object._Future__propagateToListeners (C:\Users\sdlmd\WebstormProjects\users\node_modules\sass\sass.dart.js:5215:
93)
    at _Future._completeWithValue$1 (C:\Users\sdlmd\WebstormProjects\users\node_modules\sass\sass.dart.js:39038:9)
    at _Future__asyncCompleteWithValue_closure.call$0 (C:\Users\sdlmd\WebstormProjects\users\node_modules\sass\sass.dar
t.js:39103:18)
    at Object._rootRun (C:\Users\sdlmd\WebstormProjects\users\node_modules\sass\sass.dart.js:5419:16)
    at StaticClosure.<anonymous> (C:\Users\sdlmd\WebstormProjects\users\node_modules\sass\sass.dart.js:129703:16)
    at _CustomZone.run$1$1 (C:\Users\sdlmd\WebstormProjects\users\node_modules\sass\sass.dart.js:40110:39)
    at _CustomZone_bindCallback_closure.call$0 (C:\Users\sdlmd\WebstormProjects\users\node_modules\sass\sass.dart.js:40
207:25)
    at Object._microtaskLoop (C:\Users\sdlmd\WebstormProjects\users\node_modules\sass\sass.dart.js:5273:24)
    at StaticClosure._startMicrotaskLoop (C:\Users\sdlmd\WebstormProjects\users\node_modules\sass\sass.dart.js:5279:11)
[39m
